<?xml version="1.0" encoding="UTF-8"?>
<testsuite name="yakovleva.Heapsorttest" tests="6" skipped="0" failures="0" errors="0" timestamp="2023-09-06T15:30:32" hostname="macs-MacBook-Pro-2.local" time="0.069">
  <properties/>
  <testcase name="check_same()" classname="yakovleva.Heapsorttest" time="0.038"/>
  <testcase name="check_sift()" classname="yakovleva.Heapsorttest" time="0.002"/>
  <testcase name="testMainWithValidInput()" classname="yakovleva.Heapsorttest" time="0.012"/>
  <testcase name="check_empty()" classname="yakovleva.Heapsorttest" time="0.003"/>
  <testcase name="check_usual()" classname="yakovleva.Heapsorttest" time="0.003"/>
  <testcase name="testMainWithInvalidInput()" classname="yakovleva.Heapsorttest" time="0.002"/>
  <system-out><![CDATA[]]></system-out>
  <system-err><![CDATA[]]></system-err>
</testsuite>
